build/outputs/logs/manifest-merger-debug-report.txt
-- Merging decision tree log ---
manifest
ADDED from src\main\AndroidManifest.xml:2:1-44:12
	package
		ADDED from src\main\AndroidManifest.xml:3:5-56
		INJECTED from src\main\AndroidManifest.xml
		INJECTED from src\main\AndroidManifest.xml
	android:versionName
		INJECTED from src\main\AndroidManifest.xml
		INJECTED from src\main\AndroidManifest.xml
	xmlns:android
		ADDED from src\main\AndroidManifest.xml:2:11-69
	android:versionCode
		INJECTED from src\main\AndroidManifest.xml
		INJECTED from src\main\AndroidManifest.xml
application
ADDED from src\main\AndroidManifest.xml:5:5-42:19
MERGED from [com.android.support:design:23.3.0] AndroidManifest.xml:22:5-20
MERGED from [com.android.support:appcompat-v7:23.3.0] AndroidManifest.xml:25:5-20
MERGED from [com.android.support:animated-vector-drawable:23.3.0] AndroidManifest.xml:7:5-20
MERGED from [com.android.support:support-vector-drawable:23.3.0] AndroidManifest.xml:7:5-20
MERGED from [com.android.support:support-v4:23.3.0] AndroidManifest.xml:22:5-20
	android:label
		ADDED from src\main\AndroidManifest.xml:8:9-41
	android:supportsRtl
		ADDED from src\main\AndroidManifest.xml:9:9-35
	android:allowBackup
		ADDED from src\main\AndroidManifest.xml:6:9-35
	android:icon
		ADDED from src\main\AndroidManifest.xml:7:9-43
	android:theme
		ADDED from src\main\AndroidManifest.xml:10:9-40
activity#development.assistant.project.s_assistant.AppBase
ADDED from src\main\AndroidManifest.xml:11:9-17:20
	android:name
		ADDED from src\main\AndroidManifest.xml:11:19-42
intent-filter#android.intent.action.MAIN+android.intent.category.LAUNCHER
ADDED from src\main\AndroidManifest.xml:12:13-16:29
action#android.intent.action.MAIN
ADDED from src\main\AndroidManifest.xml:13:17-69
	android:name
		ADDED from src\main\AndroidManifest.xml:13:25-66
category#android.intent.category.LAUNCHER
ADDED from src\main\AndroidManifest.xml:15:17-77
	android:name
		ADDED from src\main\AndroidManifest.xml:15:27-74
activity#development.assistant.project.s_assistant.profile_activity
ADDED from src\main\AndroidManifest.xml:18:9-20:53
	android:parentActivityName
		ADDED from src\main\AndroidManifest.xml:20:13-50
	android:name
		ADDED from src\main\AndroidManifest.xml:19:13-45
activity#development.assistant.project.s_assistant.Student_Registartion
ADDED from src\main\AndroidManifest.xml:21:9-23:62
	android:parentActivityName
		ADDED from src\main\AndroidManifest.xml:23:13-59
	android:name
		ADDED from src\main\AndroidManifest.xml:22:13-49
activity#development.assistant.project.s_assistant.attendanceActivity
ADDED from src\main\AndroidManifest.xml:24:9-26:53
	android:parentActivityName
		ADDED from src\main\AndroidManifest.xml:26:13-50
	android:name
		ADDED from src\main\AndroidManifest.xml:25:13-47
activity#development.assistant.project.s_assistant.scheduler
ADDED from src\main\AndroidManifest.xml:27:9-29:53
	android:parentActivityName
		ADDED from src\main\AndroidManifest.xml:29:13-50
	android:name
		ADDED from src\main\AndroidManifest.xml:28:13-38
activity#development.assistant.project.s_assistant.make_schedule
ADDED from src\main\AndroidManifest.xml:30:9-32:55
	android:parentActivityName
		ADDED from src\main\AndroidManifest.xml:32:13-52
	android:name
		ADDED from src\main\AndroidManifest.xml:31:13-42
activity#development.assistant.project.s_assistant.SettingsActivity
ADDED from src\main\AndroidManifest.xml:33:9-36:53
	android:label
		ADDED from src\main\AndroidManifest.xml:35:13-60
	android:parentActivityName
		ADDED from src\main\AndroidManifest.xml:36:13-50
	android:name
		ADDED from src\main\AndroidManifest.xml:34:13-45
activity#development.assistant.project.s_assistant.About
ADDED from src\main\AndroidManifest.xml:37:9-39:53
	android:parentActivityName
		ADDED from src\main\AndroidManifest.xml:39:13-50
	android:name
		ADDED from src\main\AndroidManifest.xml:38:13-34
activity#development.assistant.project.s_assistant.Edit_Student
ADDED from src\main\AndroidManifest.xml:40:9-41:52
	android:parentActivityName
		ADDED from src\main\AndroidManifest.xml:41:13-50
	android:name
		ADDED from src\main\AndroidManifest.xml:40:19-47
uses-sdk
INJECTED from src\main\AndroidManifest.xml reason: use-sdk injection requested
MERGED from [com.android.support:design:23.3.0] AndroidManifest.xml:20:5-43
MERGED from [com.android.support:appcompat-v7:23.3.0] AndroidManifest.xml:21:5-23:78
MERGED from [com.android.support:animated-vector-drawable:23.3.0] AndroidManifest.xml:5:5-44
MERGED from [com.android.support:support-vector-drawable:23.3.0] AndroidManifest.xml:5:5-43
MERGED from [com.android.support:recyclerview-v7:23.3.0] AndroidManifest.xml:20:5-43
MERGED from [com.android.support:support-v4:23.3.0] AndroidManifest.xml:20:5-43
	tools:overrideLibrary
		ADDED from [com.android.support:appcompat-v7:23.3.0] AndroidManifest.xml:23:9-75
	android:targetSdkVersion
		INJECTED from src\main\AndroidManifest.xml
		INJECTED from src\main\AndroidManifest.xml
	android:minSdkVersion
		INJECTED from src\main\AndroidManifest.xml
		INJECTED from src\main\AndroidManifest.xml